C:\USERS\STEVE\DESKTOP\RPF-V1.0\RPF-V1.0\PBRT-V2-RPF\TMP\LIBPBRT\LIBPBRT.PCH
C:\USERS\STEVE\DESKTOP\RPF-V1.0\RPF-V1.0\PBRT-V2-RPF\TMP\LIBPBRT\STDAFX.OBJ
C:\USERS\STEVE\DESKTOP\RPF-V1.0\RPF-V1.0\PBRT-V2-RPF\TMP\LIBPBRT\VC110.PDB
C:\USERS\STEVE\DESKTOP\RPF-V1.0\RPF-V1.0\PBRT-V2-RPF\TMP\LIBPBRT\IMATHSHEAR.OBJ
C:\USERS\STEVE\DESKTOP\RPF-V1.0\RPF-V1.0\PBRT-V2-RPF\TMP\LIBPBRT\IMATHRANDOM.OBJ
C:\USERS\STEVE\DESKTOP\RPF-V1.0\RPF-V1.0\PBRT-V2-RPF\TMP\LIBPBRT\IMATHMATRIXALGO.OBJ
C:\USERS\STEVE\DESKTOP\RPF-V1.0\RPF-V1.0\PBRT-V2-RPF\TMP\LIBPBRT\IMATHFUN.OBJ
C:\USERS\STEVE\DESKTOP\RPF-V1.0\RPF-V1.0\PBRT-V2-RPF\TMP\LIBPBRT\IMATHCOLORALGO.OBJ
C:\USERS\STEVE\DESKTOP\RPF-V1.0\RPF-V1.0\PBRT-V2-RPF\TMP\LIBPBRT\IMATHBOX.OBJ
C:\USERS\STEVE\DESKTOP\RPF-V1.0\RPF-V1.0\PBRT-V2-RPF\TMP\LIBPBRT\ILMTHREADWIN32.OBJ
C:\USERS\STEVE\DESKTOP\RPF-V1.0\RPF-V1.0\PBRT-V2-RPF\TMP\LIBPBRT\ILMTHREADSEMAPHOREWIN32.OBJ
C:\USERS\STEVE\DESKTOP\RPF-V1.0\RPF-V1.0\PBRT-V2-RPF\TMP\LIBPBRT\ILMTHREADSEMAPHOREPOSIXCOMPAT.OBJ
C:\USERS\STEVE\DESKTOP\RPF-V1.0\RPF-V1.0\PBRT-V2-RPF\TMP\LIBPBRT\ILMTHREADSEMAPHOREPOSIX.OBJ
C:\USERS\STEVE\DESKTOP\RPF-V1.0\RPF-V1.0\PBRT-V2-RPF\TMP\LIBPBRT\ILMTHREADSEMAPHORE.OBJ
C:\USERS\STEVE\DESKTOP\RPF-V1.0\RPF-V1.0\PBRT-V2-RPF\TMP\LIBPBRT\ILMTHREADPOSIX.OBJ
C:\USERS\STEVE\DESKTOP\RPF-V1.0\RPF-V1.0\PBRT-V2-RPF\TMP\LIBPBRT\ILMTHREADPOOL.OBJ
C:\USERS\STEVE\DESKTOP\RPF-V1.0\RPF-V1.0\PBRT-V2-RPF\TMP\LIBPBRT\ILMTHREADMUTEXWIN32.OBJ
C:\USERS\STEVE\DESKTOP\RPF-V1.0\RPF-V1.0\PBRT-V2-RPF\TMP\LIBPBRT\ILMTHREADMUTEXPOSIX.OBJ
C:\USERS\STEVE\DESKTOP\RPF-V1.0\RPF-V1.0\PBRT-V2-RPF\TMP\LIBPBRT\ILMTHREADMUTEX.OBJ
C:\USERS\STEVE\DESKTOP\RPF-V1.0\RPF-V1.0\PBRT-V2-RPF\TMP\LIBPBRT\ILMTHREAD.OBJ
C:\USERS\STEVE\DESKTOP\RPF-V1.0\RPF-V1.0\PBRT-V2-RPF\TMP\LIBPBRT\IEXTHROWERRNOEXC.OBJ
C:\USERS\STEVE\DESKTOP\RPF-V1.0\RPF-V1.0\PBRT-V2-RPF\TMP\LIBPBRT\IEXBASEEXC.OBJ
C:\USERS\STEVE\DESKTOP\RPF-V1.0\RPF-V1.0\PBRT-V2-RPF\TMP\LIBPBRT\HALF.OBJ
C:\USERS\STEVE\DESKTOP\RPF-V1.0\RPF-V1.0\PBRT-V2-RPF\TMP\LIBPBRT\IMFHEADER.OBJ
C:\USERS\STEVE\DESKTOP\RPF-V1.0\RPF-V1.0\PBRT-V2-RPF\TMP\LIBPBRT\IMFFRAMESPERSECOND.OBJ
C:\USERS\STEVE\DESKTOP\RPF-V1.0\RPF-V1.0\PBRT-V2-RPF\TMP\LIBPBRT\IMFFRAMEBUFFER.OBJ
C:\USERS\STEVE\DESKTOP\RPF-V1.0\RPF-V1.0\PBRT-V2-RPF\TMP\LIBPBRT\IMFFLOATATTRIBUTE.OBJ
C:\USERS\STEVE\DESKTOP\RPF-V1.0\RPF-V1.0\PBRT-V2-RPF\TMP\LIBPBRT\IMFENVMAPATTRIBUTE.OBJ
C:\USERS\STEVE\DESKTOP\RPF-V1.0\RPF-V1.0\PBRT-V2-RPF\TMP\LIBPBRT\IMFENVMAP.OBJ
C:\USERS\STEVE\DESKTOP\RPF-V1.0\RPF-V1.0\PBRT-V2-RPF\TMP\LIBPBRT\IMFDOUBLEATTRIBUTE.OBJ
C:\USERS\STEVE\DESKTOP\RPF-V1.0\RPF-V1.0\PBRT-V2-RPF\TMP\LIBPBRT\IMFCRGBAFILE.OBJ
C:\USERS\STEVE\DESKTOP\RPF-V1.0\RPF-V1.0\PBRT-V2-RPF\TMP\LIBPBRT\IMFCONVERT.OBJ
C:\USERS\STEVE\DESKTOP\RPF-V1.0\RPF-V1.0\PBRT-V2-RPF\TMP\LIBPBRT\IMFCOMPRESSOR.OBJ
C:\USERS\STEVE\DESKTOP\RPF-V1.0\RPF-V1.0\PBRT-V2-RPF\TMP\LIBPBRT\IMFCOMPRESSIONATTRIBUTE.OBJ
C:\USERS\STEVE\DESKTOP\RPF-V1.0\RPF-V1.0\PBRT-V2-RPF\TMP\LIBPBRT\IMFCHROMATICITIESATTRIBUTE.OBJ
C:\USERS\STEVE\DESKTOP\RPF-V1.0\RPF-V1.0\PBRT-V2-RPF\TMP\LIBPBRT\IMFCHROMATICITIES.OBJ
C:\USERS\STEVE\DESKTOP\RPF-V1.0\RPF-V1.0\PBRT-V2-RPF\TMP\LIBPBRT\IMFCHANNELLISTATTRIBUTE.OBJ
C:\USERS\STEVE\DESKTOP\RPF-V1.0\RPF-V1.0\PBRT-V2-RPF\TMP\LIBPBRT\IMFCHANNELLIST.OBJ
C:\USERS\STEVE\DESKTOP\RPF-V1.0\RPF-V1.0\PBRT-V2-RPF\TMP\LIBPBRT\IMFBOXATTRIBUTE.OBJ
C:\USERS\STEVE\DESKTOP\RPF-V1.0\RPF-V1.0\PBRT-V2-RPF\TMP\LIBPBRT\IMFB44COMPRESSOR.OBJ
C:\USERS\STEVE\DESKTOP\RPF-V1.0\RPF-V1.0\PBRT-V2-RPF\TMP\LIBPBRT\IMFATTRIBUTE.OBJ
C:\USERS\STEVE\DESKTOP\RPF-V1.0\RPF-V1.0\PBRT-V2-RPF\TMP\LIBPBRT\IMFACESFILE.OBJ
C:\USERS\STEVE\DESKTOP\RPF-V1.0\RPF-V1.0\PBRT-V2-RPF\TMP\LIBPBRT\IMATHVEC.OBJ
C:\USERS\STEVE\DESKTOP\RPF-V1.0\RPF-V1.0\PBRT-V2-RPF\TMP\LIBPBRT\IMFRGBAFILE.OBJ
C:\USERS\STEVE\DESKTOP\RPF-V1.0\RPF-V1.0\PBRT-V2-RPF\TMP\LIBPBRT\IMFRATIONALATTRIBUTE.OBJ
C:\USERS\STEVE\DESKTOP\RPF-V1.0\RPF-V1.0\PBRT-V2-RPF\TMP\LIBPBRT\IMFRATIONAL.OBJ
C:\USERS\STEVE\DESKTOP\RPF-V1.0\RPF-V1.0\PBRT-V2-RPF\TMP\LIBPBRT\IMFPXR24COMPRESSOR.OBJ
C:\USERS\STEVE\DESKTOP\RPF-V1.0\RPF-V1.0\PBRT-V2-RPF\TMP\LIBPBRT\IMFPREVIEWIMAGEATTRIBUTE.OBJ
C:\USERS\STEVE\DESKTOP\RPF-V1.0\RPF-V1.0\PBRT-V2-RPF\TMP\LIBPBRT\IMFPREVIEWIMAGE.OBJ
C:\USERS\STEVE\DESKTOP\RPF-V1.0\RPF-V1.0\PBRT-V2-RPF\TMP\LIBPBRT\IMFPIZCOMPRESSOR.OBJ
C:\USERS\STEVE\DESKTOP\RPF-V1.0\RPF-V1.0\PBRT-V2-RPF\TMP\LIBPBRT\IMFOUTPUTFILE.OBJ
C:\USERS\STEVE\DESKTOP\RPF-V1.0\RPF-V1.0\PBRT-V2-RPF\TMP\LIBPBRT\IMFOPAQUEATTRIBUTE.OBJ
C:\USERS\STEVE\DESKTOP\RPF-V1.0\RPF-V1.0\PBRT-V2-RPF\TMP\LIBPBRT\IMFMULTIVIEW.OBJ
C:\USERS\STEVE\DESKTOP\RPF-V1.0\RPF-V1.0\PBRT-V2-RPF\TMP\LIBPBRT\IMFMISC.OBJ
C:\USERS\STEVE\DESKTOP\RPF-V1.0\RPF-V1.0\PBRT-V2-RPF\TMP\LIBPBRT\IMFMATRIXATTRIBUTE.OBJ
C:\USERS\STEVE\DESKTOP\RPF-V1.0\RPF-V1.0\PBRT-V2-RPF\TMP\LIBPBRT\IMFLUT.OBJ
C:\USERS\STEVE\DESKTOP\RPF-V1.0\RPF-V1.0\PBRT-V2-RPF\TMP\LIBPBRT\IMFLINEORDERATTRIBUTE.OBJ
C:\USERS\STEVE\DESKTOP\RPF-V1.0\RPF-V1.0\PBRT-V2-RPF\TMP\LIBPBRT\IMFKEYCODEATTRIBUTE.OBJ
C:\USERS\STEVE\DESKTOP\RPF-V1.0\RPF-V1.0\PBRT-V2-RPF\TMP\LIBPBRT\IMFKEYCODE.OBJ
C:\USERS\STEVE\DESKTOP\RPF-V1.0\RPF-V1.0\PBRT-V2-RPF\TMP\LIBPBRT\IMFIO.OBJ
C:\USERS\STEVE\DESKTOP\RPF-V1.0\RPF-V1.0\PBRT-V2-RPF\TMP\LIBPBRT\IMFINTATTRIBUTE.OBJ
C:\USERS\STEVE\DESKTOP\RPF-V1.0\RPF-V1.0\PBRT-V2-RPF\TMP\LIBPBRT\IMFINPUTFILE.OBJ
C:\USERS\STEVE\DESKTOP\RPF-V1.0\RPF-V1.0\PBRT-V2-RPF\TMP\LIBPBRT\IMFHUF.OBJ
C:\USERS\STEVE\DESKTOP\RPF-V1.0\RPF-V1.0\PBRT-V2-RPF\TMP\LIBPBRT\IMFWAV.OBJ
C:\USERS\STEVE\DESKTOP\RPF-V1.0\RPF-V1.0\PBRT-V2-RPF\TMP\LIBPBRT\IMFVERSION.OBJ
C:\USERS\STEVE\DESKTOP\RPF-V1.0\RPF-V1.0\PBRT-V2-RPF\TMP\LIBPBRT\IMFVECATTRIBUTE.OBJ
C:\USERS\STEVE\DESKTOP\RPF-V1.0\RPF-V1.0\PBRT-V2-RPF\TMP\LIBPBRT\IMFTIMECODEATTRIBUTE.OBJ
C:\USERS\STEVE\DESKTOP\RPF-V1.0\RPF-V1.0\PBRT-V2-RPF\TMP\LIBPBRT\IMFTIMECODE.OBJ
C:\USERS\STEVE\DESKTOP\RPF-V1.0\RPF-V1.0\PBRT-V2-RPF\TMP\LIBPBRT\IMFTILEOFFSETS.OBJ
C:\USERS\STEVE\DESKTOP\RPF-V1.0\RPF-V1.0\PBRT-V2-RPF\TMP\LIBPBRT\IMFTILEDRGBAFILE.OBJ
C:\USERS\STEVE\DESKTOP\RPF-V1.0\RPF-V1.0\PBRT-V2-RPF\TMP\LIBPBRT\IMFTILEDOUTPUTFILE.OBJ
C:\USERS\STEVE\DESKTOP\RPF-V1.0\RPF-V1.0\PBRT-V2-RPF\TMP\LIBPBRT\IMFTILEDMISC.OBJ
C:\USERS\STEVE\DESKTOP\RPF-V1.0\RPF-V1.0\PBRT-V2-RPF\TMP\LIBPBRT\IMFTILEDINPUTFILE.OBJ
C:\USERS\STEVE\DESKTOP\RPF-V1.0\RPF-V1.0\PBRT-V2-RPF\TMP\LIBPBRT\IMFTILEDESCRIPTIONATTRIBUTE.OBJ
C:\USERS\STEVE\DESKTOP\RPF-V1.0\RPF-V1.0\PBRT-V2-RPF\TMP\LIBPBRT\IMFTHREADING.OBJ
C:\USERS\STEVE\DESKTOP\RPF-V1.0\RPF-V1.0\PBRT-V2-RPF\TMP\LIBPBRT\IMFTESTFILE.OBJ
C:\USERS\STEVE\DESKTOP\RPF-V1.0\RPF-V1.0\PBRT-V2-RPF\TMP\LIBPBRT\IMFSTRINGVECTORATTRIBUTE.OBJ
C:\USERS\STEVE\DESKTOP\RPF-V1.0\RPF-V1.0\PBRT-V2-RPF\TMP\LIBPBRT\IMFSTRINGATTRIBUTE.OBJ
C:\USERS\STEVE\DESKTOP\RPF-V1.0\RPF-V1.0\PBRT-V2-RPF\TMP\LIBPBRT\IMFSTDIO.OBJ
C:\USERS\STEVE\DESKTOP\RPF-V1.0\RPF-V1.0\PBRT-V2-RPF\TMP\LIBPBRT\IMFSTANDARDATTRIBUTES.OBJ
C:\USERS\STEVE\DESKTOP\RPF-V1.0\RPF-V1.0\PBRT-V2-RPF\TMP\LIBPBRT\IMFSCANLINEINPUTFILE.OBJ
C:\USERS\STEVE\DESKTOP\RPF-V1.0\RPF-V1.0\PBRT-V2-RPF\TMP\LIBPBRT\IMFRLECOMPRESSOR.OBJ
C:\USERS\STEVE\DESKTOP\RPF-V1.0\RPF-V1.0\PBRT-V2-RPF\TMP\LIBPBRT\IMFRGBAYCA.OBJ
C:\USERS\STEVE\DESKTOP\RPF-V1.0\RPF-V1.0\PBRT-V2-RPF\TMP\LIBPBRT\PBRTPARSE.OBJ
C:\USERS\STEVE\DESKTOP\RPF-V1.0\RPF-V1.0\PBRT-V2-RPF\TMP\LIBPBRT\PBRTLEX.OBJ
C:\USERS\STEVE\DESKTOP\RPF-V1.0\RPF-V1.0\PBRT-V2-RPF\TMP\LIBPBRT\TIF_STREAM.OBJ
C:\USERS\STEVE\DESKTOP\RPF-V1.0\RPF-V1.0\PBRT-V2-RPF\TMP\LIBPBRT\IMFZIPCOMPRESSOR.OBJ
C:\USERS\STEVE\DESKTOP\RPF-V1.0\RPF-V1.0\PBRT-V2-RPF\TMP\LIBPBRT\TIF_LUV.OBJ
C:\USERS\STEVE\DESKTOP\RPF-V1.0\RPF-V1.0\PBRT-V2-RPF\TMP\LIBPBRT\TIF_JPEG.OBJ
C:\USERS\STEVE\DESKTOP\RPF-V1.0\RPF-V1.0\PBRT-V2-RPF\TMP\LIBPBRT\TIF_JBIG.OBJ
C:\USERS\STEVE\DESKTOP\RPF-V1.0\RPF-V1.0\PBRT-V2-RPF\TMP\LIBPBRT\TIF_GETIMAGE.OBJ
C:\USERS\STEVE\DESKTOP\RPF-V1.0\RPF-V1.0\PBRT-V2-RPF\TMP\LIBPBRT\TIF_FLUSH.OBJ
C:\USERS\STEVE\DESKTOP\RPF-V1.0\RPF-V1.0\PBRT-V2-RPF\TMP\LIBPBRT\TIF_FAX3SM.OBJ
C:\USERS\STEVE\DESKTOP\RPF-V1.0\RPF-V1.0\PBRT-V2-RPF\TMP\LIBPBRT\TIF_FAX3.OBJ
C:\USERS\STEVE\DESKTOP\RPF-V1.0\RPF-V1.0\PBRT-V2-RPF\TMP\LIBPBRT\TIF_EXTENSION.OBJ
C:\USERS\STEVE\DESKTOP\RPF-V1.0\RPF-V1.0\PBRT-V2-RPF\TMP\LIBPBRT\TIF_ERROR.OBJ
C:\USERS\STEVE\DESKTOP\RPF-V1.0\RPF-V1.0\PBRT-V2-RPF\TMP\LIBPBRT\TIF_DUMPMODE.OBJ
C:\USERS\STEVE\DESKTOP\RPF-V1.0\RPF-V1.0\PBRT-V2-RPF\TMP\LIBPBRT\TIF_DIRWRITE.OBJ
C:\USERS\STEVE\DESKTOP\RPF-V1.0\RPF-V1.0\PBRT-V2-RPF\TMP\LIBPBRT\TIF_DIRREAD.OBJ
C:\USERS\STEVE\DESKTOP\RPF-V1.0\RPF-V1.0\PBRT-V2-RPF\TMP\LIBPBRT\TIF_DIRINFO.OBJ
C:\USERS\STEVE\DESKTOP\RPF-V1.0\RPF-V1.0\PBRT-V2-RPF\TMP\LIBPBRT\TIF_DIR.OBJ
C:\USERS\STEVE\DESKTOP\RPF-V1.0\RPF-V1.0\PBRT-V2-RPF\TMP\LIBPBRT\TIF_COMPRESS.OBJ
C:\USERS\STEVE\DESKTOP\RPF-V1.0\RPF-V1.0\PBRT-V2-RPF\TMP\LIBPBRT\TIF_COLOR.OBJ
C:\USERS\STEVE\DESKTOP\RPF-V1.0\RPF-V1.0\PBRT-V2-RPF\TMP\LIBPBRT\TIF_CODEC.OBJ
C:\USERS\STEVE\DESKTOP\RPF-V1.0\RPF-V1.0\PBRT-V2-RPF\TMP\LIBPBRT\TIF_CLOSE.OBJ
C:\USERS\STEVE\DESKTOP\RPF-V1.0\RPF-V1.0\PBRT-V2-RPF\TMP\LIBPBRT\TIF_AUX.OBJ
C:\USERS\STEVE\DESKTOP\RPF-V1.0\RPF-V1.0\PBRT-V2-RPF\TMP\LIBPBRT\MKG3STATES.OBJ
C:\USERS\STEVE\DESKTOP\RPF-V1.0\RPF-V1.0\PBRT-V2-RPF\TMP\LIBPBRT\COMPRESS.OBJ
C:\USERS\STEVE\DESKTOP\RPF-V1.0\RPF-V1.0\PBRT-V2-RPF\TMP\LIBPBRT\ADLER32.OBJ
C:\USERS\STEVE\DESKTOP\RPF-V1.0\RPF-V1.0\PBRT-V2-RPF\TMP\LIBPBRT\TIF_ZIP.OBJ
C:\USERS\STEVE\DESKTOP\RPF-V1.0\RPF-V1.0\PBRT-V2-RPF\TMP\LIBPBRT\TIF_WRITE.OBJ
C:\USERS\STEVE\DESKTOP\RPF-V1.0\RPF-V1.0\PBRT-V2-RPF\TMP\LIBPBRT\TIF_WIN32.OBJ
C:\USERS\STEVE\DESKTOP\RPF-V1.0\RPF-V1.0\PBRT-V2-RPF\TMP\LIBPBRT\TIF_WARNING.OBJ
C:\USERS\STEVE\DESKTOP\RPF-V1.0\RPF-V1.0\PBRT-V2-RPF\TMP\LIBPBRT\TIF_VERSION.OBJ
C:\USERS\STEVE\DESKTOP\RPF-V1.0\RPF-V1.0\PBRT-V2-RPF\TMP\LIBPBRT\TIF_TILE.OBJ
C:\USERS\STEVE\DESKTOP\RPF-V1.0\RPF-V1.0\PBRT-V2-RPF\TMP\LIBPBRT\TIF_THUNDER.OBJ
C:\USERS\STEVE\DESKTOP\RPF-V1.0\RPF-V1.0\PBRT-V2-RPF\TMP\LIBPBRT\TIF_SWAB.OBJ
C:\USERS\STEVE\DESKTOP\RPF-V1.0\RPF-V1.0\PBRT-V2-RPF\TMP\LIBPBRT\TIF_STRIP.OBJ
C:\USERS\STEVE\DESKTOP\RPF-V1.0\RPF-V1.0\PBRT-V2-RPF\TMP\LIBPBRT\TIF_READ.OBJ
C:\USERS\STEVE\DESKTOP\RPF-V1.0\RPF-V1.0\PBRT-V2-RPF\TMP\LIBPBRT\TIF_PRINT.OBJ
C:\USERS\STEVE\DESKTOP\RPF-V1.0\RPF-V1.0\PBRT-V2-RPF\TMP\LIBPBRT\TIF_PREDICT.OBJ
C:\USERS\STEVE\DESKTOP\RPF-V1.0\RPF-V1.0\PBRT-V2-RPF\TMP\LIBPBRT\TIF_PIXARLOG.OBJ
C:\USERS\STEVE\DESKTOP\RPF-V1.0\RPF-V1.0\PBRT-V2-RPF\TMP\LIBPBRT\TIF_PACKBITS.OBJ
C:\USERS\STEVE\DESKTOP\RPF-V1.0\RPF-V1.0\PBRT-V2-RPF\TMP\LIBPBRT\TIF_OPEN.OBJ
C:\USERS\STEVE\DESKTOP\RPF-V1.0\RPF-V1.0\PBRT-V2-RPF\TMP\LIBPBRT\TIF_OJPEG.OBJ
C:\USERS\STEVE\DESKTOP\RPF-V1.0\RPF-V1.0\PBRT-V2-RPF\TMP\LIBPBRT\TIF_NEXT.OBJ
C:\USERS\STEVE\DESKTOP\RPF-V1.0\RPF-V1.0\PBRT-V2-RPF\TMP\LIBPBRT\TIF_LZW.OBJ
C:\USERS\STEVE\DESKTOP\RPF-V1.0\RPF-V1.0\PBRT-V2-RPF\TMP\LIBPBRT\TARGA.OBJ
C:\USERS\STEVE\DESKTOP\RPF-V1.0\RPF-V1.0\PBRT-V2-RPF\TMP\LIBPBRT\ZUTIL.OBJ
C:\USERS\STEVE\DESKTOP\RPF-V1.0\RPF-V1.0\PBRT-V2-RPF\TMP\LIBPBRT\UNCOMPR.OBJ
C:\USERS\STEVE\DESKTOP\RPF-V1.0\RPF-V1.0\PBRT-V2-RPF\TMP\LIBPBRT\TREES.OBJ
C:\USERS\STEVE\DESKTOP\RPF-V1.0\RPF-V1.0\PBRT-V2-RPF\TMP\LIBPBRT\INFTREES.OBJ
C:\USERS\STEVE\DESKTOP\RPF-V1.0\RPF-V1.0\PBRT-V2-RPF\TMP\LIBPBRT\INFLATE.OBJ
C:\USERS\STEVE\DESKTOP\RPF-V1.0\RPF-V1.0\PBRT-V2-RPF\TMP\LIBPBRT\INFFAST.OBJ
C:\USERS\STEVE\DESKTOP\RPF-V1.0\RPF-V1.0\PBRT-V2-RPF\TMP\LIBPBRT\INFBACK.OBJ
C:\USERS\STEVE\DESKTOP\RPF-V1.0\RPF-V1.0\PBRT-V2-RPF\TMP\LIBPBRT\GZWRITE.OBJ
C:\USERS\STEVE\DESKTOP\RPF-V1.0\RPF-V1.0\PBRT-V2-RPF\TMP\LIBPBRT\GZREAD.OBJ
C:\USERS\STEVE\DESKTOP\RPF-V1.0\RPF-V1.0\PBRT-V2-RPF\TMP\LIBPBRT\GZLIB.OBJ
C:\USERS\STEVE\DESKTOP\RPF-V1.0\RPF-V1.0\PBRT-V2-RPF\TMP\LIBPBRT\GZCLOSE.OBJ
C:\USERS\STEVE\DESKTOP\RPF-V1.0\RPF-V1.0\PBRT-V2-RPF\TMP\LIBPBRT\DEFLATE.OBJ
C:\USERS\STEVE\DESKTOP\RPF-V1.0\RPF-V1.0\PBRT-V2-RPF\TMP\LIBPBRT\CRC32.OBJ
C:\USERS\STEVE\DESKTOP\RPF-V1.0\RPF-V1.0\PBRT-V2-RPF\TMP\LIBPBRT\MATERIAL.OBJ
C:\USERS\STEVE\DESKTOP\RPF-V1.0\RPF-V1.0\PBRT-V2-RPF\TMP\LIBPBRT\LIGHT.OBJ
C:\USERS\STEVE\DESKTOP\RPF-V1.0\RPF-V1.0\PBRT-V2-RPF\TMP\LIBPBRT\INTERSECTION.OBJ
C:\USERS\STEVE\DESKTOP\RPF-V1.0\RPF-V1.0\PBRT-V2-RPF\TMP\LIBPBRT\INTEGRATOR.OBJ
C:\USERS\STEVE\DESKTOP\RPF-V1.0\RPF-V1.0\PBRT-V2-RPF\TMP\LIBPBRT\IMAGEIO.OBJ
C:\USERS\STEVE\DESKTOP\RPF-V1.0\RPF-V1.0\PBRT-V2-RPF\TMP\LIBPBRT\GEOMETRY.OBJ
C:\USERS\STEVE\DESKTOP\RPF-V1.0\RPF-V1.0\PBRT-V2-RPF\TMP\LIBPBRT\FLOATFILE.OBJ
C:\USERS\STEVE\DESKTOP\RPF-V1.0\RPF-V1.0\PBRT-V2-RPF\TMP\LIBPBRT\FILTER.OBJ
C:\USERS\STEVE\DESKTOP\RPF-V1.0\RPF-V1.0\PBRT-V2-RPF\TMP\LIBPBRT\FILM.OBJ
C:\USERS\STEVE\DESKTOP\RPF-V1.0\RPF-V1.0\PBRT-V2-RPF\TMP\LIBPBRT\FILEUTIL.OBJ
C:\USERS\STEVE\DESKTOP\RPF-V1.0\RPF-V1.0\PBRT-V2-RPF\TMP\LIBPBRT\ERROR.OBJ
C:\USERS\STEVE\DESKTOP\RPF-V1.0\RPF-V1.0\PBRT-V2-RPF\TMP\LIBPBRT\DIFFGEOM.OBJ
C:\USERS\STEVE\DESKTOP\RPF-V1.0\RPF-V1.0\PBRT-V2-RPF\TMP\LIBPBRT\CAMERA.OBJ
C:\USERS\STEVE\DESKTOP\RPF-V1.0\RPF-V1.0\PBRT-V2-RPF\TMP\LIBPBRT\API.OBJ
C:\USERS\STEVE\DESKTOP\RPF-V1.0\RPF-V1.0\PBRT-V2-RPF\TMP\LIBPBRT\PERSPECTIVE.OBJ
C:\USERS\STEVE\DESKTOP\RPF-V1.0\RPF-V1.0\PBRT-V2-RPF\TMP\LIBPBRT\ORTHOGRAPHIC.OBJ
C:\USERS\STEVE\DESKTOP\RPF-V1.0\RPF-V1.0\PBRT-V2-RPF\TMP\LIBPBRT\ENVIRONMENT.OBJ
C:\USERS\STEVE\DESKTOP\RPF-V1.0\RPF-V1.0\PBRT-V2-RPF\TMP\LIBPBRT\KDTREEACCEL.OBJ
C:\USERS\STEVE\DESKTOP\RPF-V1.0\RPF-V1.0\PBRT-V2-RPF\TMP\LIBPBRT\GRID.OBJ
C:\USERS\STEVE\DESKTOP\RPF-V1.0\RPF-V1.0\PBRT-V2-RPF\TMP\LIBPBRT\BVH.OBJ
C:\USERS\STEVE\DESKTOP\RPF-V1.0\RPF-V1.0\PBRT-V2-RPF\TMP\LIBPBRT\TIMER.OBJ
C:\USERS\STEVE\DESKTOP\RPF-V1.0\RPF-V1.0\PBRT-V2-RPF\TMP\LIBPBRT\TEXTURE.OBJ
C:\USERS\STEVE\DESKTOP\RPF-V1.0\RPF-V1.0\PBRT-V2-RPF\TMP\LIBPBRT\SPECTRUM.OBJ
C:\USERS\STEVE\DESKTOP\RPF-V1.0\RPF-V1.0\PBRT-V2-RPF\TMP\LIBPBRT\SHROTS.OBJ
C:\USERS\STEVE\DESKTOP\RPF-V1.0\RPF-V1.0\PBRT-V2-RPF\TMP\LIBPBRT\SHAPE.OBJ
C:\USERS\STEVE\DESKTOP\RPF-V1.0\RPF-V1.0\PBRT-V2-RPF\TMP\LIBPBRT\SH.OBJ
C:\USERS\STEVE\DESKTOP\RPF-V1.0\RPF-V1.0\PBRT-V2-RPF\TMP\LIBPBRT\SCENE.OBJ
C:\USERS\STEVE\DESKTOP\RPF-V1.0\RPF-V1.0\PBRT-V2-RPF\TMP\LIBPBRT\SAMPLER.OBJ
C:\USERS\STEVE\DESKTOP\RPF-V1.0\RPF-V1.0\PBRT-V2-RPF\TMP\LIBPBRT\RNG.OBJ
C:\USERS\STEVE\DESKTOP\RPF-V1.0\RPF-V1.0\PBRT-V2-RPF\TMP\LIBPBRT\RENDERER.OBJ
C:\USERS\STEVE\DESKTOP\RPF-V1.0\RPF-V1.0\PBRT-V2-RPF\TMP\LIBPBRT\REFLECTION.OBJ
C:\USERS\STEVE\DESKTOP\RPF-V1.0\RPF-V1.0\PBRT-V2-RPF\TMP\LIBPBRT\QUATERNION.OBJ
C:\USERS\STEVE\DESKTOP\RPF-V1.0\RPF-V1.0\PBRT-V2-RPF\TMP\LIBPBRT\PROGRESSREPORTER.OBJ
C:\USERS\STEVE\DESKTOP\RPF-V1.0\RPF-V1.0\PBRT-V2-RPF\TMP\LIBPBRT\PROBES.OBJ
C:\USERS\STEVE\DESKTOP\RPF-V1.0\RPF-V1.0\PBRT-V2-RPF\TMP\LIBPBRT\PRIMITIVE.OBJ
C:\USERS\STEVE\DESKTOP\RPF-V1.0\RPF-V1.0\PBRT-V2-RPF\TMP\LIBPBRT\PARSER.OBJ
C:\USERS\STEVE\DESKTOP\RPF-V1.0\RPF-V1.0\PBRT-V2-RPF\TMP\LIBPBRT\PARAMSET.OBJ
C:\USERS\STEVE\DESKTOP\RPF-V1.0\RPF-V1.0\PBRT-V2-RPF\TMP\LIBPBRT\PARALLEL.OBJ
C:\USERS\STEVE\DESKTOP\RPF-V1.0\RPF-V1.0\PBRT-V2-RPF\TMP\LIBPBRT\MONTECARLO.OBJ
C:\USERS\STEVE\DESKTOP\RPF-V1.0\RPF-V1.0\PBRT-V2-RPF\TMP\LIBPBRT\MEMORY.OBJ
C:\USERS\STEVE\DESKTOP\RPF-V1.0\RPF-V1.0\PBRT-V2-RPF\TMP\LIBPBRT\USEPROBES.OBJ
C:\USERS\STEVE\DESKTOP\RPF-V1.0\RPF-V1.0\PBRT-V2-RPF\TMP\LIBPBRT\SINGLE.OBJ
C:\USERS\STEVE\DESKTOP\RPF-V1.0\RPF-V1.0\PBRT-V2-RPF\TMP\LIBPBRT\PHOTONMAP.OBJ
C:\USERS\STEVE\DESKTOP\RPF-V1.0\RPF-V1.0\PBRT-V2-RPF\TMP\LIBPBRT\PATH.OBJ
C:\USERS\STEVE\DESKTOP\RPF-V1.0\RPF-V1.0\PBRT-V2-RPF\TMP\LIBPBRT\IRRADIANCECACHE.OBJ
C:\USERS\STEVE\DESKTOP\RPF-V1.0\RPF-V1.0\PBRT-V2-RPF\TMP\LIBPBRT\IGI.OBJ
C:\USERS\STEVE\DESKTOP\RPF-V1.0\RPF-V1.0\PBRT-V2-RPF\TMP\LIBPBRT\GLOSSYPRT.OBJ
C:\USERS\STEVE\DESKTOP\RPF-V1.0\RPF-V1.0\PBRT-V2-RPF\TMP\LIBPBRT\EMISSION.OBJ
C:\USERS\STEVE\DESKTOP\RPF-V1.0\RPF-V1.0\PBRT-V2-RPF\TMP\LIBPBRT\DIRECTLIGHTING.OBJ
C:\USERS\STEVE\DESKTOP\RPF-V1.0\RPF-V1.0\PBRT-V2-RPF\TMP\LIBPBRT\DIPOLESUBSURFACE.OBJ
C:\USERS\STEVE\DESKTOP\RPF-V1.0\RPF-V1.0\PBRT-V2-RPF\TMP\LIBPBRT\DIFFUSEPRT.OBJ
C:\USERS\STEVE\DESKTOP\RPF-V1.0\RPF-V1.0\PBRT-V2-RPF\TMP\LIBPBRT\AMBIENTOCCLUSION.OBJ
C:\USERS\STEVE\DESKTOP\RPF-V1.0\RPF-V1.0\PBRT-V2-RPF\TMP\LIBPBRT\TRIANGLE.OBJ
C:\USERS\STEVE\DESKTOP\RPF-V1.0\RPF-V1.0\PBRT-V2-RPF\TMP\LIBPBRT\SINC.OBJ
C:\USERS\STEVE\DESKTOP\RPF-V1.0\RPF-V1.0\PBRT-V2-RPF\TMP\LIBPBRT\MITCHELL.OBJ
C:\USERS\STEVE\DESKTOP\RPF-V1.0\RPF-V1.0\PBRT-V2-RPF\TMP\LIBPBRT\GAUSSIAN.OBJ
C:\USERS\STEVE\DESKTOP\RPF-V1.0\RPF-V1.0\PBRT-V2-RPF\TMP\LIBPBRT\BOX.OBJ
C:\USERS\STEVE\DESKTOP\RPF-V1.0\RPF-V1.0\PBRT-V2-RPF\TMP\LIBPBRT\IMAGE.OBJ
C:\USERS\STEVE\DESKTOP\RPF-V1.0\RPF-V1.0\PBRT-V2-RPF\TMP\LIBPBRT\VOLUME.OBJ
C:\USERS\STEVE\DESKTOP\RPF-V1.0\RPF-V1.0\PBRT-V2-RPF\TMP\LIBPBRT\TRANSFORM.OBJ
C:\USERS\STEVE\DESKTOP\RPF-V1.0\RPF-V1.0\PBRT-V2-RPF\TMP\LIBPBRT\TRANSLUCENT.OBJ
C:\USERS\STEVE\DESKTOP\RPF-V1.0\RPF-V1.0\PBRT-V2-RPF\TMP\LIBPBRT\SUBSURFACE.OBJ
C:\USERS\STEVE\DESKTOP\RPF-V1.0\RPF-V1.0\PBRT-V2-RPF\TMP\LIBPBRT\SUBSTRATE.OBJ
C:\USERS\STEVE\DESKTOP\RPF-V1.0\RPF-V1.0\PBRT-V2-RPF\TMP\LIBPBRT\SHINYMETAL.OBJ
C:\USERS\STEVE\DESKTOP\RPF-V1.0\RPF-V1.0\PBRT-V2-RPF\TMP\LIBPBRT\PLASTIC.OBJ
C:\USERS\STEVE\DESKTOP\RPF-V1.0\RPF-V1.0\PBRT-V2-RPF\TMP\LIBPBRT\MIXMAT.OBJ
C:\USERS\STEVE\DESKTOP\RPF-V1.0\RPF-V1.0\PBRT-V2-RPF\TMP\LIBPBRT\MIRROR.OBJ
C:\USERS\STEVE\DESKTOP\RPF-V1.0\RPF-V1.0\PBRT-V2-RPF\TMP\LIBPBRT\METAL.OBJ
C:\USERS\STEVE\DESKTOP\RPF-V1.0\RPF-V1.0\PBRT-V2-RPF\TMP\LIBPBRT\MEASURED.OBJ
C:\USERS\STEVE\DESKTOP\RPF-V1.0\RPF-V1.0\PBRT-V2-RPF\TMP\LIBPBRT\MATTE.OBJ
C:\USERS\STEVE\DESKTOP\RPF-V1.0\RPF-V1.0\PBRT-V2-RPF\TMP\LIBPBRT\KDSUBSURFACE.OBJ
C:\USERS\STEVE\DESKTOP\RPF-V1.0\RPF-V1.0\PBRT-V2-RPF\TMP\LIBPBRT\GLASS.OBJ
C:\USERS\STEVE\DESKTOP\RPF-V1.0\RPF-V1.0\PBRT-V2-RPF\TMP\LIBPBRT\SPOT.OBJ
C:\USERS\STEVE\DESKTOP\RPF-V1.0\RPF-V1.0\PBRT-V2-RPF\TMP\LIBPBRT\PROJECTION.OBJ
C:\USERS\STEVE\DESKTOP\RPF-V1.0\RPF-V1.0\PBRT-V2-RPF\TMP\LIBPBRT\POINT.OBJ
C:\USERS\STEVE\DESKTOP\RPF-V1.0\RPF-V1.0\PBRT-V2-RPF\TMP\LIBPBRT\INFINITE.OBJ
C:\USERS\STEVE\DESKTOP\RPF-V1.0\RPF-V1.0\PBRT-V2-RPF\TMP\LIBPBRT\GONIOMETRIC.OBJ
C:\USERS\STEVE\DESKTOP\RPF-V1.0\RPF-V1.0\PBRT-V2-RPF\TMP\LIBPBRT\DISTANT.OBJ
C:\USERS\STEVE\DESKTOP\RPF-V1.0\RPF-V1.0\PBRT-V2-RPF\TMP\LIBPBRT\DIFFUSE.OBJ
C:\USERS\STEVE\DESKTOP\RPF-V1.0\RPF-V1.0\PBRT-V2-RPF\TMP\LIBPBRT\WHITTED.OBJ
C:\USERS\STEVE\DESKTOP\RPF-V1.0\RPF-V1.0\PBRT-V2-RPF\TMP\LIBPBRT\PARABOLOID.OBJ
C:\USERS\STEVE\DESKTOP\RPF-V1.0\RPF-V1.0\PBRT-V2-RPF\TMP\LIBPBRT\NURBS.OBJ
C:\USERS\STEVE\DESKTOP\RPF-V1.0\RPF-V1.0\PBRT-V2-RPF\TMP\LIBPBRT\LOOPSUBDIV.OBJ
C:\USERS\STEVE\DESKTOP\RPF-V1.0\RPF-V1.0\PBRT-V2-RPF\TMP\LIBPBRT\HYPERBOLOID.OBJ
C:\USERS\STEVE\DESKTOP\RPF-V1.0\RPF-V1.0\PBRT-V2-RPF\TMP\LIBPBRT\HEIGHTFIELD.OBJ
C:\USERS\STEVE\DESKTOP\RPF-V1.0\RPF-V1.0\PBRT-V2-RPF\TMP\LIBPBRT\DISK.OBJ
C:\USERS\STEVE\DESKTOP\RPF-V1.0\RPF-V1.0\PBRT-V2-RPF\TMP\LIBPBRT\CYLINDER.OBJ
C:\USERS\STEVE\DESKTOP\RPF-V1.0\RPF-V1.0\PBRT-V2-RPF\TMP\LIBPBRT\CONE.OBJ
C:\USERS\STEVE\DESKTOP\RPF-V1.0\RPF-V1.0\PBRT-V2-RPF\TMP\LIBPBRT\STRATIFIED.OBJ
C:\USERS\STEVE\DESKTOP\RPF-V1.0\RPF-V1.0\PBRT-V2-RPF\TMP\LIBPBRT\RANDOM.OBJ
C:\USERS\STEVE\DESKTOP\RPF-V1.0\RPF-V1.0\PBRT-V2-RPF\TMP\LIBPBRT\LOWDISCREPANCY.OBJ
C:\USERS\STEVE\DESKTOP\RPF-V1.0\RPF-V1.0\PBRT-V2-RPF\TMP\LIBPBRT\HALTON.OBJ
C:\USERS\STEVE\DESKTOP\RPF-V1.0\RPF-V1.0\PBRT-V2-RPF\TMP\LIBPBRT\BESTCANDIDATE.OBJ
C:\USERS\STEVE\DESKTOP\RPF-V1.0\RPF-V1.0\PBRT-V2-RPF\TMP\LIBPBRT\ADAPTIVE.OBJ
C:\USERS\STEVE\DESKTOP\RPF-V1.0\RPF-V1.0\PBRT-V2-RPF\TMP\LIBPBRT\SURFACEPOINTS.OBJ
C:\USERS\STEVE\DESKTOP\RPF-V1.0\RPF-V1.0\PBRT-V2-RPF\TMP\LIBPBRT\SAMPLERRENDERER.OBJ
C:\USERS\STEVE\DESKTOP\RPF-V1.0\RPF-V1.0\PBRT-V2-RPF\TMP\LIBPBRT\METROPOLIS.OBJ
C:\USERS\STEVE\DESKTOP\RPF-V1.0\RPF-V1.0\PBRT-V2-RPF\TMP\LIBPBRT\CREATEPROBES.OBJ
C:\USERS\STEVE\DESKTOP\RPF-V1.0\RPF-V1.0\PBRT-V2-RPF\TMP\LIBPBRT\AGGREGATETEST.OBJ
C:\USERS\STEVE\DESKTOP\RPF-V1.0\RPF-V1.0\PBRT-V2-RPF\TMP\LIBPBRT\UBER.OBJ
C:\USERS\STEVE\DESKTOP\RPF-V1.0\RPF-V1.0\PBRT-V2-RPF\TMP\LIBPBRT\VOLUMEGRID.OBJ
C:\USERS\STEVE\DESKTOP\RPF-V1.0\RPF-V1.0\PBRT-V2-RPF\TMP\LIBPBRT\HOMOGENEOUS.OBJ
C:\USERS\STEVE\DESKTOP\RPF-V1.0\RPF-V1.0\PBRT-V2-RPF\TMP\LIBPBRT\EXPONENTIAL.OBJ
C:\USERS\STEVE\DESKTOP\RPF-V1.0\RPF-V1.0\PBRT-V2-RPF\TMP\LIBPBRT\WRINKLED.OBJ
C:\USERS\STEVE\DESKTOP\RPF-V1.0\RPF-V1.0\PBRT-V2-RPF\TMP\LIBPBRT\WINDY.OBJ
C:\USERS\STEVE\DESKTOP\RPF-V1.0\RPF-V1.0\PBRT-V2-RPF\TMP\LIBPBRT\UV.OBJ
C:\USERS\STEVE\DESKTOP\RPF-V1.0\RPF-V1.0\PBRT-V2-RPF\TMP\LIBPBRT\SCALE.OBJ
C:\USERS\STEVE\DESKTOP\RPF-V1.0\RPF-V1.0\PBRT-V2-RPF\TMP\LIBPBRT\MIX.OBJ
C:\USERS\STEVE\DESKTOP\RPF-V1.0\RPF-V1.0\PBRT-V2-RPF\TMP\LIBPBRT\MARBLE.OBJ
C:\USERS\STEVE\DESKTOP\RPF-V1.0\RPF-V1.0\PBRT-V2-RPF\TMP\LIBPBRT\IMAGEMAP.OBJ
C:\USERS\STEVE\DESKTOP\RPF-V1.0\RPF-V1.0\PBRT-V2-RPF\TMP\LIBPBRT\FBM.OBJ
C:\USERS\STEVE\DESKTOP\RPF-V1.0\RPF-V1.0\PBRT-V2-RPF\TMP\LIBPBRT\DOTS.OBJ
C:\USERS\STEVE\DESKTOP\RPF-V1.0\RPF-V1.0\PBRT-V2-RPF\TMP\LIBPBRT\DIVIDE.OBJ
C:\USERS\STEVE\DESKTOP\RPF-V1.0\RPF-V1.0\PBRT-V2-RPF\TMP\LIBPBRT\CONSTANT.OBJ
C:\USERS\STEVE\DESKTOP\RPF-V1.0\RPF-V1.0\PBRT-V2-RPF\TMP\LIBPBRT\CHECKERBOARD.OBJ
C:\USERS\STEVE\DESKTOP\RPF-V1.0\RPF-V1.0\PBRT-V2-RPF\TMP\LIBPBRT\BILERP.OBJ
C:\USERS\STEVE\DESKTOP\RPF-V1.0\RPF-V1.0\PBRT-V2-RPF\TMP\LIBPBRT\WAVEFRONT.OBJ
C:\USERS\STEVE\DESKTOP\RPF-V1.0\RPF-V1.0\PBRT-V2-RPF\TMP\LIBPBRT\TRIANGLEMESH.OBJ
C:\USERS\STEVE\DESKTOP\RPF-V1.0\RPF-V1.0\PBRT-V2-RPF\TMP\LIBPBRT\SPHERE.OBJ
C:\USERS\STEVE\DESKTOP\RPF-V1.0\RPF-V1.0\PBRT-V2-RPF\LIB\LIBPBRT.LIB
C:\Users\Steve\Desktop\RPF-v1.0\RPF-v1.0\pbrt-v2-rpf\tmp\libpbrt\adaptive.obj
C:\Users\Steve\Desktop\RPF-v1.0\RPF-v1.0\pbrt-v2-rpf\tmp\libpbrt\adler32.obj
C:\Users\Steve\Desktop\RPF-v1.0\RPF-v1.0\pbrt-v2-rpf\tmp\libpbrt\aggregatetest.obj
C:\Users\Steve\Desktop\RPF-v1.0\RPF-v1.0\pbrt-v2-rpf\tmp\libpbrt\ambientocclusion.obj
C:\Users\Steve\Desktop\RPF-v1.0\RPF-v1.0\pbrt-v2-rpf\tmp\libpbrt\api.obj
C:\Users\Steve\Desktop\RPF-v1.0\RPF-v1.0\pbrt-v2-rpf\tmp\libpbrt\bestcandidate.obj
C:\Users\Steve\Desktop\RPF-v1.0\RPF-v1.0\pbrt-v2-rpf\tmp\libpbrt\bilerp.obj
C:\Users\Steve\Desktop\RPF-v1.0\RPF-v1.0\pbrt-v2-rpf\tmp\libpbrt\box.obj
C:\Users\Steve\Desktop\RPF-v1.0\RPF-v1.0\pbrt-v2-rpf\tmp\libpbrt\bvh.obj
C:\Users\Steve\Desktop\RPF-v1.0\RPF-v1.0\pbrt-v2-rpf\tmp\libpbrt\camera.obj
C:\Users\Steve\Desktop\RPF-v1.0\RPF-v1.0\pbrt-v2-rpf\tmp\libpbrt\checkerboard.obj
C:\Users\Steve\Desktop\RPF-v1.0\RPF-v1.0\pbrt-v2-rpf\tmp\libpbrt\compress.obj
C:\Users\Steve\Desktop\RPF-v1.0\RPF-v1.0\pbrt-v2-rpf\tmp\libpbrt\cone.obj
C:\Users\Steve\Desktop\RPF-v1.0\RPF-v1.0\pbrt-v2-rpf\tmp\libpbrt\constant.obj
C:\Users\Steve\Desktop\RPF-v1.0\RPF-v1.0\pbrt-v2-rpf\tmp\libpbrt\crc32.obj
C:\Users\Steve\Desktop\RPF-v1.0\RPF-v1.0\pbrt-v2-rpf\tmp\libpbrt\createprobes.obj
C:\Users\Steve\Desktop\RPF-v1.0\RPF-v1.0\pbrt-v2-rpf\tmp\libpbrt\cylinder.obj
C:\Users\Steve\Desktop\RPF-v1.0\RPF-v1.0\pbrt-v2-rpf\tmp\libpbrt\deflate.obj
C:\Users\Steve\Desktop\RPF-v1.0\RPF-v1.0\pbrt-v2-rpf\tmp\libpbrt\diffgeom.obj
C:\Users\Steve\Desktop\RPF-v1.0\RPF-v1.0\pbrt-v2-rpf\tmp\libpbrt\diffuse.obj
C:\Users\Steve\Desktop\RPF-v1.0\RPF-v1.0\pbrt-v2-rpf\tmp\libpbrt\diffuseprt.obj
C:\Users\Steve\Desktop\RPF-v1.0\RPF-v1.0\pbrt-v2-rpf\tmp\libpbrt\dipolesubsurface.obj
C:\Users\Steve\Desktop\RPF-v1.0\RPF-v1.0\pbrt-v2-rpf\tmp\libpbrt\directlighting.obj
C:\Users\Steve\Desktop\RPF-v1.0\RPF-v1.0\pbrt-v2-rpf\tmp\libpbrt\disk.obj
C:\Users\Steve\Desktop\RPF-v1.0\RPF-v1.0\pbrt-v2-rpf\tmp\libpbrt\distant.obj
C:\Users\Steve\Desktop\RPF-v1.0\RPF-v1.0\pbrt-v2-rpf\tmp\libpbrt\divide.obj
C:\Users\Steve\Desktop\RPF-v1.0\RPF-v1.0\pbrt-v2-rpf\tmp\libpbrt\dots.obj
C:\Users\Steve\Desktop\RPF-v1.0\RPF-v1.0\pbrt-v2-rpf\tmp\libpbrt\emission.obj
C:\Users\Steve\Desktop\RPF-v1.0\RPF-v1.0\pbrt-v2-rpf\tmp\libpbrt\environment.obj
C:\Users\Steve\Desktop\RPF-v1.0\RPF-v1.0\pbrt-v2-rpf\tmp\libpbrt\error.obj
C:\Users\Steve\Desktop\RPF-v1.0\RPF-v1.0\pbrt-v2-rpf\tmp\libpbrt\exponential.obj
C:\Users\Steve\Desktop\RPF-v1.0\RPF-v1.0\pbrt-v2-rpf\tmp\libpbrt\fbm.obj
C:\Users\Steve\Desktop\RPF-v1.0\RPF-v1.0\pbrt-v2-rpf\tmp\libpbrt\fileutil.obj
C:\Users\Steve\Desktop\RPF-v1.0\RPF-v1.0\pbrt-v2-rpf\tmp\libpbrt\film.obj
C:\Users\Steve\Desktop\RPF-v1.0\RPF-v1.0\pbrt-v2-rpf\tmp\libpbrt\filter.obj
C:\Users\Steve\Desktop\RPF-v1.0\RPF-v1.0\pbrt-v2-rpf\tmp\libpbrt\floatfile.obj
C:\Users\Steve\Desktop\RPF-v1.0\RPF-v1.0\pbrt-v2-rpf\tmp\libpbrt\gaussian.obj
C:\Users\Steve\Desktop\RPF-v1.0\RPF-v1.0\pbrt-v2-rpf\tmp\libpbrt\geometry.obj
C:\Users\Steve\Desktop\RPF-v1.0\RPF-v1.0\pbrt-v2-rpf\tmp\libpbrt\glass.obj
C:\Users\Steve\Desktop\RPF-v1.0\RPF-v1.0\pbrt-v2-rpf\tmp\libpbrt\glossyprt.obj
C:\Users\Steve\Desktop\RPF-v1.0\RPF-v1.0\pbrt-v2-rpf\tmp\libpbrt\goniometric.obj
C:\Users\Steve\Desktop\RPF-v1.0\RPF-v1.0\pbrt-v2-rpf\tmp\libpbrt\grid.obj
C:\Users\Steve\Desktop\RPF-v1.0\RPF-v1.0\pbrt-v2-rpf\tmp\libpbrt\gzclose.obj
C:\Users\Steve\Desktop\RPF-v1.0\RPF-v1.0\pbrt-v2-rpf\tmp\libpbrt\gzlib.obj
C:\Users\Steve\Desktop\RPF-v1.0\RPF-v1.0\pbrt-v2-rpf\tmp\libpbrt\gzread.obj
C:\Users\Steve\Desktop\RPF-v1.0\RPF-v1.0\pbrt-v2-rpf\tmp\libpbrt\gzwrite.obj
C:\Users\Steve\Desktop\RPF-v1.0\RPF-v1.0\pbrt-v2-rpf\tmp\libpbrt\half.obj
C:\Users\Steve\Desktop\RPF-v1.0\RPF-v1.0\pbrt-v2-rpf\tmp\libpbrt\halton.obj
C:\Users\Steve\Desktop\RPF-v1.0\RPF-v1.0\pbrt-v2-rpf\tmp\libpbrt\heightfield.obj
C:\Users\Steve\Desktop\RPF-v1.0\RPF-v1.0\pbrt-v2-rpf\tmp\libpbrt\homogeneous.obj
C:\Users\Steve\Desktop\RPF-v1.0\RPF-v1.0\pbrt-v2-rpf\tmp\libpbrt\hyperboloid.obj
C:\Users\Steve\Desktop\RPF-v1.0\RPF-v1.0\pbrt-v2-rpf\tmp\libpbrt\IexBaseExc.obj
C:\Users\Steve\Desktop\RPF-v1.0\RPF-v1.0\pbrt-v2-rpf\tmp\libpbrt\IexThrowErrnoExc.obj
C:\Users\Steve\Desktop\RPF-v1.0\RPF-v1.0\pbrt-v2-rpf\tmp\libpbrt\igi.obj
C:\Users\Steve\Desktop\RPF-v1.0\RPF-v1.0\pbrt-v2-rpf\tmp\libpbrt\IlmThread.obj
C:\Users\Steve\Desktop\RPF-v1.0\RPF-v1.0\pbrt-v2-rpf\tmp\libpbrt\IlmThreadMutex.obj
C:\Users\Steve\Desktop\RPF-v1.0\RPF-v1.0\pbrt-v2-rpf\tmp\libpbrt\IlmThreadMutexPosix.obj
C:\Users\Steve\Desktop\RPF-v1.0\RPF-v1.0\pbrt-v2-rpf\tmp\libpbrt\IlmThreadMutexWin32.obj
C:\Users\Steve\Desktop\RPF-v1.0\RPF-v1.0\pbrt-v2-rpf\tmp\libpbrt\IlmThreadPool.obj
C:\Users\Steve\Desktop\RPF-v1.0\RPF-v1.0\pbrt-v2-rpf\tmp\libpbrt\IlmThreadPosix.obj
C:\Users\Steve\Desktop\RPF-v1.0\RPF-v1.0\pbrt-v2-rpf\tmp\libpbrt\IlmThreadSemaphore.obj
C:\Users\Steve\Desktop\RPF-v1.0\RPF-v1.0\pbrt-v2-rpf\tmp\libpbrt\IlmThreadSemaphorePosix.obj
C:\Users\Steve\Desktop\RPF-v1.0\RPF-v1.0\pbrt-v2-rpf\tmp\libpbrt\IlmThreadSemaphorePosixCompat.obj
C:\Users\Steve\Desktop\RPF-v1.0\RPF-v1.0\pbrt-v2-rpf\tmp\libpbrt\IlmThreadSemaphoreWin32.obj
C:\Users\Steve\Desktop\RPF-v1.0\RPF-v1.0\pbrt-v2-rpf\tmp\libpbrt\IlmThreadWin32.obj
C:\Users\Steve\Desktop\RPF-v1.0\RPF-v1.0\pbrt-v2-rpf\tmp\libpbrt\image.obj
C:\Users\Steve\Desktop\RPF-v1.0\RPF-v1.0\pbrt-v2-rpf\tmp\libpbrt\imageio.obj
C:\Users\Steve\Desktop\RPF-v1.0\RPF-v1.0\pbrt-v2-rpf\tmp\libpbrt\imagemap.obj
C:\Users\Steve\Desktop\RPF-v1.0\RPF-v1.0\pbrt-v2-rpf\tmp\libpbrt\ImathBox.obj
C:\Users\Steve\Desktop\RPF-v1.0\RPF-v1.0\pbrt-v2-rpf\tmp\libpbrt\ImathColorAlgo.obj
C:\Users\Steve\Desktop\RPF-v1.0\RPF-v1.0\pbrt-v2-rpf\tmp\libpbrt\ImathFun.obj
C:\Users\Steve\Desktop\RPF-v1.0\RPF-v1.0\pbrt-v2-rpf\tmp\libpbrt\ImathMatrixAlgo.obj
C:\Users\Steve\Desktop\RPF-v1.0\RPF-v1.0\pbrt-v2-rpf\tmp\libpbrt\ImathRandom.obj
C:\Users\Steve\Desktop\RPF-v1.0\RPF-v1.0\pbrt-v2-rpf\tmp\libpbrt\ImathShear.obj
C:\Users\Steve\Desktop\RPF-v1.0\RPF-v1.0\pbrt-v2-rpf\tmp\libpbrt\ImathVec.obj
C:\Users\Steve\Desktop\RPF-v1.0\RPF-v1.0\pbrt-v2-rpf\tmp\libpbrt\ImfAcesFile.obj
C:\Users\Steve\Desktop\RPF-v1.0\RPF-v1.0\pbrt-v2-rpf\tmp\libpbrt\ImfAttribute.obj
C:\Users\Steve\Desktop\RPF-v1.0\RPF-v1.0\pbrt-v2-rpf\tmp\libpbrt\ImfB44Compressor.obj
C:\Users\Steve\Desktop\RPF-v1.0\RPF-v1.0\pbrt-v2-rpf\tmp\libpbrt\ImfBoxAttribute.obj
C:\Users\Steve\Desktop\RPF-v1.0\RPF-v1.0\pbrt-v2-rpf\tmp\libpbrt\ImfChannelList.obj
C:\Users\Steve\Desktop\RPF-v1.0\RPF-v1.0\pbrt-v2-rpf\tmp\libpbrt\ImfChannelListAttribute.obj
C:\Users\Steve\Desktop\RPF-v1.0\RPF-v1.0\pbrt-v2-rpf\tmp\libpbrt\ImfChromaticities.obj
C:\Users\Steve\Desktop\RPF-v1.0\RPF-v1.0\pbrt-v2-rpf\tmp\libpbrt\ImfChromaticitiesAttribute.obj
C:\Users\Steve\Desktop\RPF-v1.0\RPF-v1.0\pbrt-v2-rpf\tmp\libpbrt\ImfCompressionAttribute.obj
C:\Users\Steve\Desktop\RPF-v1.0\RPF-v1.0\pbrt-v2-rpf\tmp\libpbrt\ImfCompressor.obj
C:\Users\Steve\Desktop\RPF-v1.0\RPF-v1.0\pbrt-v2-rpf\tmp\libpbrt\ImfConvert.obj
C:\Users\Steve\Desktop\RPF-v1.0\RPF-v1.0\pbrt-v2-rpf\tmp\libpbrt\ImfCRgbaFile.obj
C:\Users\Steve\Desktop\RPF-v1.0\RPF-v1.0\pbrt-v2-rpf\tmp\libpbrt\ImfDoubleAttribute.obj
C:\Users\Steve\Desktop\RPF-v1.0\RPF-v1.0\pbrt-v2-rpf\tmp\libpbrt\ImfEnvmap.obj
C:\Users\Steve\Desktop\RPF-v1.0\RPF-v1.0\pbrt-v2-rpf\tmp\libpbrt\ImfEnvmapAttribute.obj
C:\Users\Steve\Desktop\RPF-v1.0\RPF-v1.0\pbrt-v2-rpf\tmp\libpbrt\ImfFloatAttribute.obj
C:\Users\Steve\Desktop\RPF-v1.0\RPF-v1.0\pbrt-v2-rpf\tmp\libpbrt\ImfFrameBuffer.obj
C:\Users\Steve\Desktop\RPF-v1.0\RPF-v1.0\pbrt-v2-rpf\tmp\libpbrt\ImfFramesPerSecond.obj
C:\Users\Steve\Desktop\RPF-v1.0\RPF-v1.0\pbrt-v2-rpf\tmp\libpbrt\ImfHeader.obj
C:\Users\Steve\Desktop\RPF-v1.0\RPF-v1.0\pbrt-v2-rpf\tmp\libpbrt\ImfHuf.obj
C:\Users\Steve\Desktop\RPF-v1.0\RPF-v1.0\pbrt-v2-rpf\tmp\libpbrt\ImfInputFile.obj
C:\Users\Steve\Desktop\RPF-v1.0\RPF-v1.0\pbrt-v2-rpf\tmp\libpbrt\ImfIntAttribute.obj
C:\Users\Steve\Desktop\RPF-v1.0\RPF-v1.0\pbrt-v2-rpf\tmp\libpbrt\ImfIO.obj
C:\Users\Steve\Desktop\RPF-v1.0\RPF-v1.0\pbrt-v2-rpf\tmp\libpbrt\ImfKeyCode.obj
C:\Users\Steve\Desktop\RPF-v1.0\RPF-v1.0\pbrt-v2-rpf\tmp\libpbrt\ImfKeyCodeAttribute.obj
C:\Users\Steve\Desktop\RPF-v1.0\RPF-v1.0\pbrt-v2-rpf\tmp\libpbrt\ImfLineOrderAttribute.obj
C:\Users\Steve\Desktop\RPF-v1.0\RPF-v1.0\pbrt-v2-rpf\tmp\libpbrt\ImfLut.obj
C:\Users\Steve\Desktop\RPF-v1.0\RPF-v1.0\pbrt-v2-rpf\tmp\libpbrt\ImfMatrixAttribute.obj
C:\Users\Steve\Desktop\RPF-v1.0\RPF-v1.0\pbrt-v2-rpf\tmp\libpbrt\ImfMisc.obj
C:\Users\Steve\Desktop\RPF-v1.0\RPF-v1.0\pbrt-v2-rpf\tmp\libpbrt\ImfMultiView.obj
C:\Users\Steve\Desktop\RPF-v1.0\RPF-v1.0\pbrt-v2-rpf\tmp\libpbrt\ImfOpaqueAttribute.obj
C:\Users\Steve\Desktop\RPF-v1.0\RPF-v1.0\pbrt-v2-rpf\tmp\libpbrt\ImfOutputFile.obj
C:\Users\Steve\Desktop\RPF-v1.0\RPF-v1.0\pbrt-v2-rpf\tmp\libpbrt\ImfPizCompressor.obj
C:\Users\Steve\Desktop\RPF-v1.0\RPF-v1.0\pbrt-v2-rpf\tmp\libpbrt\ImfPreviewImage.obj
C:\Users\Steve\Desktop\RPF-v1.0\RPF-v1.0\pbrt-v2-rpf\tmp\libpbrt\ImfPreviewImageAttribute.obj
C:\Users\Steve\Desktop\RPF-v1.0\RPF-v1.0\pbrt-v2-rpf\tmp\libpbrt\ImfPxr24Compressor.obj
C:\Users\Steve\Desktop\RPF-v1.0\RPF-v1.0\pbrt-v2-rpf\tmp\libpbrt\ImfRational.obj
C:\Users\Steve\Desktop\RPF-v1.0\RPF-v1.0\pbrt-v2-rpf\tmp\libpbrt\ImfRationalAttribute.obj
C:\Users\Steve\Desktop\RPF-v1.0\RPF-v1.0\pbrt-v2-rpf\tmp\libpbrt\ImfRgbaFile.obj
C:\Users\Steve\Desktop\RPF-v1.0\RPF-v1.0\pbrt-v2-rpf\tmp\libpbrt\ImfRgbaYca.obj
C:\Users\Steve\Desktop\RPF-v1.0\RPF-v1.0\pbrt-v2-rpf\tmp\libpbrt\ImfRleCompressor.obj
C:\Users\Steve\Desktop\RPF-v1.0\RPF-v1.0\pbrt-v2-rpf\tmp\libpbrt\ImfScanLineInputFile.obj
C:\Users\Steve\Desktop\RPF-v1.0\RPF-v1.0\pbrt-v2-rpf\tmp\libpbrt\ImfStandardAttributes.obj
C:\Users\Steve\Desktop\RPF-v1.0\RPF-v1.0\pbrt-v2-rpf\tmp\libpbrt\ImfStdIO.obj
C:\Users\Steve\Desktop\RPF-v1.0\RPF-v1.0\pbrt-v2-rpf\tmp\libpbrt\ImfStringAttribute.obj
C:\Users\Steve\Desktop\RPF-v1.0\RPF-v1.0\pbrt-v2-rpf\tmp\libpbrt\ImfStringVectorAttribute.obj
C:\Users\Steve\Desktop\RPF-v1.0\RPF-v1.0\pbrt-v2-rpf\tmp\libpbrt\ImfTestFile.obj
C:\Users\Steve\Desktop\RPF-v1.0\RPF-v1.0\pbrt-v2-rpf\tmp\libpbrt\ImfThreading.obj
C:\Users\Steve\Desktop\RPF-v1.0\RPF-v1.0\pbrt-v2-rpf\tmp\libpbrt\ImfTileDescriptionAttribute.obj
C:\Users\Steve\Desktop\RPF-v1.0\RPF-v1.0\pbrt-v2-rpf\tmp\libpbrt\ImfTiledInputFile.obj
C:\Users\Steve\Desktop\RPF-v1.0\RPF-v1.0\pbrt-v2-rpf\tmp\libpbrt\ImfTiledMisc.obj
C:\Users\Steve\Desktop\RPF-v1.0\RPF-v1.0\pbrt-v2-rpf\tmp\libpbrt\ImfTiledOutputFile.obj
C:\Users\Steve\Desktop\RPF-v1.0\RPF-v1.0\pbrt-v2-rpf\tmp\libpbrt\ImfTiledRgbaFile.obj
C:\Users\Steve\Desktop\RPF-v1.0\RPF-v1.0\pbrt-v2-rpf\tmp\libpbrt\ImfTileOffsets.obj
C:\Users\Steve\Desktop\RPF-v1.0\RPF-v1.0\pbrt-v2-rpf\tmp\libpbrt\ImfTimeCode.obj
C:\Users\Steve\Desktop\RPF-v1.0\RPF-v1.0\pbrt-v2-rpf\tmp\libpbrt\ImfTimeCodeAttribute.obj
C:\Users\Steve\Desktop\RPF-v1.0\RPF-v1.0\pbrt-v2-rpf\tmp\libpbrt\ImfVecAttribute.obj
C:\Users\Steve\Desktop\RPF-v1.0\RPF-v1.0\pbrt-v2-rpf\tmp\libpbrt\ImfVersion.obj
C:\Users\Steve\Desktop\RPF-v1.0\RPF-v1.0\pbrt-v2-rpf\tmp\libpbrt\ImfWav.obj
C:\Users\Steve\Desktop\RPF-v1.0\RPF-v1.0\pbrt-v2-rpf\tmp\libpbrt\ImfZipCompressor.obj
C:\Users\Steve\Desktop\RPF-v1.0\RPF-v1.0\pbrt-v2-rpf\tmp\libpbrt\infback.obj
C:\Users\Steve\Desktop\RPF-v1.0\RPF-v1.0\pbrt-v2-rpf\tmp\libpbrt\inffast.obj
C:\Users\Steve\Desktop\RPF-v1.0\RPF-v1.0\pbrt-v2-rpf\tmp\libpbrt\infinite.obj
C:\Users\Steve\Desktop\RPF-v1.0\RPF-v1.0\pbrt-v2-rpf\tmp\libpbrt\inflate.obj
C:\Users\Steve\Desktop\RPF-v1.0\RPF-v1.0\pbrt-v2-rpf\tmp\libpbrt\inftrees.obj
C:\Users\Steve\Desktop\RPF-v1.0\RPF-v1.0\pbrt-v2-rpf\tmp\libpbrt\integrator.obj
C:\Users\Steve\Desktop\RPF-v1.0\RPF-v1.0\pbrt-v2-rpf\tmp\libpbrt\intersection.obj
C:\Users\Steve\Desktop\RPF-v1.0\RPF-v1.0\pbrt-v2-rpf\tmp\libpbrt\irradiancecache.obj
C:\Users\Steve\Desktop\RPF-v1.0\RPF-v1.0\pbrt-v2-rpf\tmp\libpbrt\kdsubsurface.obj
C:\Users\Steve\Desktop\RPF-v1.0\RPF-v1.0\pbrt-v2-rpf\tmp\libpbrt\kdtreeaccel.obj
C:\Users\Steve\Desktop\RPF-v1.0\RPF-v1.0\pbrt-v2-rpf\tmp\libpbrt\light.obj
C:\Users\Steve\Desktop\RPF-v1.0\RPF-v1.0\pbrt-v2-rpf\tmp\libpbrt\loopsubdiv.obj
C:\Users\Steve\Desktop\RPF-v1.0\RPF-v1.0\pbrt-v2-rpf\tmp\libpbrt\lowdiscrepancy.obj
C:\Users\Steve\Desktop\RPF-v1.0\RPF-v1.0\pbrt-v2-rpf\tmp\libpbrt\marble.obj
C:\Users\Steve\Desktop\RPF-v1.0\RPF-v1.0\pbrt-v2-rpf\tmp\libpbrt\material.obj
C:\Users\Steve\Desktop\RPF-v1.0\RPF-v1.0\pbrt-v2-rpf\tmp\libpbrt\matte.obj
C:\Users\Steve\Desktop\RPF-v1.0\RPF-v1.0\pbrt-v2-rpf\tmp\libpbrt\measured.obj
C:\Users\Steve\Desktop\RPF-v1.0\RPF-v1.0\pbrt-v2-rpf\tmp\libpbrt\memory.obj
C:\Users\Steve\Desktop\RPF-v1.0\RPF-v1.0\pbrt-v2-rpf\tmp\libpbrt\metal.obj
C:\Users\Steve\Desktop\RPF-v1.0\RPF-v1.0\pbrt-v2-rpf\tmp\libpbrt\metropolis.obj
C:\Users\Steve\Desktop\RPF-v1.0\RPF-v1.0\pbrt-v2-rpf\tmp\libpbrt\mirror.obj
C:\Users\Steve\Desktop\RPF-v1.0\RPF-v1.0\pbrt-v2-rpf\tmp\libpbrt\mitchell.obj
C:\Users\Steve\Desktop\RPF-v1.0\RPF-v1.0\pbrt-v2-rpf\tmp\libpbrt\mix.obj
C:\Users\Steve\Desktop\RPF-v1.0\RPF-v1.0\pbrt-v2-rpf\tmp\libpbrt\mixmat.obj
C:\Users\Steve\Desktop\RPF-v1.0\RPF-v1.0\pbrt-v2-rpf\tmp\libpbrt\mkg3states.obj
C:\Users\Steve\Desktop\RPF-v1.0\RPF-v1.0\pbrt-v2-rpf\tmp\libpbrt\montecarlo.obj
C:\Users\Steve\Desktop\RPF-v1.0\RPF-v1.0\pbrt-v2-rpf\tmp\libpbrt\nurbs.obj
C:\Users\Steve\Desktop\RPF-v1.0\RPF-v1.0\pbrt-v2-rpf\tmp\libpbrt\orthographic.obj
C:\Users\Steve\Desktop\RPF-v1.0\RPF-v1.0\pbrt-v2-rpf\tmp\libpbrt\paraboloid.obj
C:\Users\Steve\Desktop\RPF-v1.0\RPF-v1.0\pbrt-v2-rpf\tmp\libpbrt\parallel.obj
C:\Users\Steve\Desktop\RPF-v1.0\RPF-v1.0\pbrt-v2-rpf\tmp\libpbrt\paramset.obj
C:\Users\Steve\Desktop\RPF-v1.0\RPF-v1.0\pbrt-v2-rpf\tmp\libpbrt\parser.obj
C:\Users\Steve\Desktop\RPF-v1.0\RPF-v1.0\pbrt-v2-rpf\tmp\libpbrt\path.obj
C:\Users\Steve\Desktop\RPF-v1.0\RPF-v1.0\pbrt-v2-rpf\tmp\libpbrt\pbrtlex.obj
C:\Users\Steve\Desktop\RPF-v1.0\RPF-v1.0\pbrt-v2-rpf\tmp\libpbrt\pbrtparse.obj
C:\Users\Steve\Desktop\RPF-v1.0\RPF-v1.0\pbrt-v2-rpf\tmp\libpbrt\perspective.obj
C:\Users\Steve\Desktop\RPF-v1.0\RPF-v1.0\pbrt-v2-rpf\tmp\libpbrt\photonmap.obj
C:\Users\Steve\Desktop\RPF-v1.0\RPF-v1.0\pbrt-v2-rpf\tmp\libpbrt\plastic.obj
C:\Users\Steve\Desktop\RPF-v1.0\RPF-v1.0\pbrt-v2-rpf\tmp\libpbrt\point.obj
C:\Users\Steve\Desktop\RPF-v1.0\RPF-v1.0\pbrt-v2-rpf\tmp\libpbrt\primitive.obj
C:\Users\Steve\Desktop\RPF-v1.0\RPF-v1.0\pbrt-v2-rpf\tmp\libpbrt\probes.obj
C:\Users\Steve\Desktop\RPF-v1.0\RPF-v1.0\pbrt-v2-rpf\tmp\libpbrt\progressreporter.obj
C:\Users\Steve\Desktop\RPF-v1.0\RPF-v1.0\pbrt-v2-rpf\tmp\libpbrt\projection.obj
C:\Users\Steve\Desktop\RPF-v1.0\RPF-v1.0\pbrt-v2-rpf\tmp\libpbrt\quaternion.obj
C:\Users\Steve\Desktop\RPF-v1.0\RPF-v1.0\pbrt-v2-rpf\tmp\libpbrt\random.obj
C:\Users\Steve\Desktop\RPF-v1.0\RPF-v1.0\pbrt-v2-rpf\tmp\libpbrt\reflection.obj
C:\Users\Steve\Desktop\RPF-v1.0\RPF-v1.0\pbrt-v2-rpf\tmp\libpbrt\renderer.obj
C:\Users\Steve\Desktop\RPF-v1.0\RPF-v1.0\pbrt-v2-rpf\tmp\libpbrt\rng.obj
C:\Users\Steve\Desktop\RPF-v1.0\RPF-v1.0\pbrt-v2-rpf\tmp\libpbrt\sampler.obj
C:\Users\Steve\Desktop\RPF-v1.0\RPF-v1.0\pbrt-v2-rpf\tmp\libpbrt\samplerrenderer.obj
C:\Users\Steve\Desktop\RPF-v1.0\RPF-v1.0\pbrt-v2-rpf\tmp\libpbrt\scale.obj
C:\Users\Steve\Desktop\RPF-v1.0\RPF-v1.0\pbrt-v2-rpf\tmp\libpbrt\scene.obj
C:\Users\Steve\Desktop\RPF-v1.0\RPF-v1.0\pbrt-v2-rpf\tmp\libpbrt\sh.obj
C:\Users\Steve\Desktop\RPF-v1.0\RPF-v1.0\pbrt-v2-rpf\tmp\libpbrt\shape.obj
C:\Users\Steve\Desktop\RPF-v1.0\RPF-v1.0\pbrt-v2-rpf\tmp\libpbrt\shinymetal.obj
C:\Users\Steve\Desktop\RPF-v1.0\RPF-v1.0\pbrt-v2-rpf\tmp\libpbrt\shrots.obj
C:\Users\Steve\Desktop\RPF-v1.0\RPF-v1.0\pbrt-v2-rpf\tmp\libpbrt\sinc.obj
C:\Users\Steve\Desktop\RPF-v1.0\RPF-v1.0\pbrt-v2-rpf\tmp\libpbrt\single.obj
C:\Users\Steve\Desktop\RPF-v1.0\RPF-v1.0\pbrt-v2-rpf\tmp\libpbrt\spectrum.obj
C:\Users\Steve\Desktop\RPF-v1.0\RPF-v1.0\pbrt-v2-rpf\tmp\libpbrt\sphere.obj
C:\Users\Steve\Desktop\RPF-v1.0\RPF-v1.0\pbrt-v2-rpf\tmp\libpbrt\spot.obj
C:\Users\Steve\Desktop\RPF-v1.0\RPF-v1.0\pbrt-v2-rpf\tmp\libpbrt\StdAfx.obj
C:\Users\Steve\Desktop\RPF-v1.0\RPF-v1.0\pbrt-v2-rpf\tmp\libpbrt\stratified.obj
C:\Users\Steve\Desktop\RPF-v1.0\RPF-v1.0\pbrt-v2-rpf\tmp\libpbrt\substrate.obj
C:\Users\Steve\Desktop\RPF-v1.0\RPF-v1.0\pbrt-v2-rpf\tmp\libpbrt\subsurface.obj
C:\Users\Steve\Desktop\RPF-v1.0\RPF-v1.0\pbrt-v2-rpf\tmp\libpbrt\surfacepoints.obj
C:\Users\Steve\Desktop\RPF-v1.0\RPF-v1.0\pbrt-v2-rpf\tmp\libpbrt\targa.obj
C:\Users\Steve\Desktop\RPF-v1.0\RPF-v1.0\pbrt-v2-rpf\tmp\libpbrt\texture.obj
C:\Users\Steve\Desktop\RPF-v1.0\RPF-v1.0\pbrt-v2-rpf\tmp\libpbrt\tif_aux.obj
C:\Users\Steve\Desktop\RPF-v1.0\RPF-v1.0\pbrt-v2-rpf\tmp\libpbrt\tif_close.obj
C:\Users\Steve\Desktop\RPF-v1.0\RPF-v1.0\pbrt-v2-rpf\tmp\libpbrt\tif_codec.obj
C:\Users\Steve\Desktop\RPF-v1.0\RPF-v1.0\pbrt-v2-rpf\tmp\libpbrt\tif_color.obj
C:\Users\Steve\Desktop\RPF-v1.0\RPF-v1.0\pbrt-v2-rpf\tmp\libpbrt\tif_compress.obj
C:\Users\Steve\Desktop\RPF-v1.0\RPF-v1.0\pbrt-v2-rpf\tmp\libpbrt\tif_dir.obj
C:\Users\Steve\Desktop\RPF-v1.0\RPF-v1.0\pbrt-v2-rpf\tmp\libpbrt\tif_dirinfo.obj
C:\Users\Steve\Desktop\RPF-v1.0\RPF-v1.0\pbrt-v2-rpf\tmp\libpbrt\tif_dirread.obj
C:\Users\Steve\Desktop\RPF-v1.0\RPF-v1.0\pbrt-v2-rpf\tmp\libpbrt\tif_dirwrite.obj
C:\Users\Steve\Desktop\RPF-v1.0\RPF-v1.0\pbrt-v2-rpf\tmp\libpbrt\tif_dumpmode.obj
C:\Users\Steve\Desktop\RPF-v1.0\RPF-v1.0\pbrt-v2-rpf\tmp\libpbrt\tif_error.obj
C:\Users\Steve\Desktop\RPF-v1.0\RPF-v1.0\pbrt-v2-rpf\tmp\libpbrt\tif_extension.obj
C:\Users\Steve\Desktop\RPF-v1.0\RPF-v1.0\pbrt-v2-rpf\tmp\libpbrt\tif_fax3.obj
C:\Users\Steve\Desktop\RPF-v1.0\RPF-v1.0\pbrt-v2-rpf\tmp\libpbrt\tif_fax3sm.obj
C:\Users\Steve\Desktop\RPF-v1.0\RPF-v1.0\pbrt-v2-rpf\tmp\libpbrt\tif_flush.obj
C:\Users\Steve\Desktop\RPF-v1.0\RPF-v1.0\pbrt-v2-rpf\tmp\libpbrt\tif_getimage.obj
C:\Users\Steve\Desktop\RPF-v1.0\RPF-v1.0\pbrt-v2-rpf\tmp\libpbrt\tif_jbig.obj
C:\Users\Steve\Desktop\RPF-v1.0\RPF-v1.0\pbrt-v2-rpf\tmp\libpbrt\tif_jpeg.obj
C:\Users\Steve\Desktop\RPF-v1.0\RPF-v1.0\pbrt-v2-rpf\tmp\libpbrt\tif_luv.obj
C:\Users\Steve\Desktop\RPF-v1.0\RPF-v1.0\pbrt-v2-rpf\tmp\libpbrt\tif_lzw.obj
C:\Users\Steve\Desktop\RPF-v1.0\RPF-v1.0\pbrt-v2-rpf\tmp\libpbrt\tif_next.obj
C:\Users\Steve\Desktop\RPF-v1.0\RPF-v1.0\pbrt-v2-rpf\tmp\libpbrt\tif_ojpeg.obj
C:\Users\Steve\Desktop\RPF-v1.0\RPF-v1.0\pbrt-v2-rpf\tmp\libpbrt\tif_open.obj
C:\Users\Steve\Desktop\RPF-v1.0\RPF-v1.0\pbrt-v2-rpf\tmp\libpbrt\tif_packbits.obj
C:\Users\Steve\Desktop\RPF-v1.0\RPF-v1.0\pbrt-v2-rpf\tmp\libpbrt\tif_pixarlog.obj
C:\Users\Steve\Desktop\RPF-v1.0\RPF-v1.0\pbrt-v2-rpf\tmp\libpbrt\tif_predict.obj
C:\Users\Steve\Desktop\RPF-v1.0\RPF-v1.0\pbrt-v2-rpf\tmp\libpbrt\tif_print.obj
C:\Users\Steve\Desktop\RPF-v1.0\RPF-v1.0\pbrt-v2-rpf\tmp\libpbrt\tif_read.obj
C:\Users\Steve\Desktop\RPF-v1.0\RPF-v1.0\pbrt-v2-rpf\tmp\libpbrt\tif_stream.obj
C:\Users\Steve\Desktop\RPF-v1.0\RPF-v1.0\pbrt-v2-rpf\tmp\libpbrt\tif_strip.obj
C:\Users\Steve\Desktop\RPF-v1.0\RPF-v1.0\pbrt-v2-rpf\tmp\libpbrt\tif_swab.obj
C:\Users\Steve\Desktop\RPF-v1.0\RPF-v1.0\pbrt-v2-rpf\tmp\libpbrt\tif_thunder.obj
C:\Users\Steve\Desktop\RPF-v1.0\RPF-v1.0\pbrt-v2-rpf\tmp\libpbrt\tif_tile.obj
C:\Users\Steve\Desktop\RPF-v1.0\RPF-v1.0\pbrt-v2-rpf\tmp\libpbrt\tif_version.obj
C:\Users\Steve\Desktop\RPF-v1.0\RPF-v1.0\pbrt-v2-rpf\tmp\libpbrt\tif_warning.obj
C:\Users\Steve\Desktop\RPF-v1.0\RPF-v1.0\pbrt-v2-rpf\tmp\libpbrt\tif_win32.obj
C:\Users\Steve\Desktop\RPF-v1.0\RPF-v1.0\pbrt-v2-rpf\tmp\libpbrt\tif_write.obj
C:\Users\Steve\Desktop\RPF-v1.0\RPF-v1.0\pbrt-v2-rpf\tmp\libpbrt\tif_zip.obj
C:\Users\Steve\Desktop\RPF-v1.0\RPF-v1.0\pbrt-v2-rpf\tmp\libpbrt\timer.obj
C:\Users\Steve\Desktop\RPF-v1.0\RPF-v1.0\pbrt-v2-rpf\tmp\libpbrt\transform.obj
C:\Users\Steve\Desktop\RPF-v1.0\RPF-v1.0\pbrt-v2-rpf\tmp\libpbrt\translucent.obj
C:\Users\Steve\Desktop\RPF-v1.0\RPF-v1.0\pbrt-v2-rpf\tmp\libpbrt\trees.obj
C:\Users\Steve\Desktop\RPF-v1.0\RPF-v1.0\pbrt-v2-rpf\tmp\libpbrt\triangle.obj
C:\Users\Steve\Desktop\RPF-v1.0\RPF-v1.0\pbrt-v2-rpf\tmp\libpbrt\trianglemesh.obj
C:\Users\Steve\Desktop\RPF-v1.0\RPF-v1.0\pbrt-v2-rpf\tmp\libpbrt\uber.obj
C:\Users\Steve\Desktop\RPF-v1.0\RPF-v1.0\pbrt-v2-rpf\tmp\libpbrt\uncompr.obj
C:\Users\Steve\Desktop\RPF-v1.0\RPF-v1.0\pbrt-v2-rpf\tmp\libpbrt\useprobes.obj
C:\Users\Steve\Desktop\RPF-v1.0\RPF-v1.0\pbrt-v2-rpf\tmp\libpbrt\uv.obj
C:\Users\Steve\Desktop\RPF-v1.0\RPF-v1.0\pbrt-v2-rpf\tmp\libpbrt\volume.obj
C:\Users\Steve\Desktop\RPF-v1.0\RPF-v1.0\pbrt-v2-rpf\tmp\libpbrt\volumegrid.obj
C:\Users\Steve\Desktop\RPF-v1.0\RPF-v1.0\pbrt-v2-rpf\tmp\libpbrt\wavefront.obj
C:\Users\Steve\Desktop\RPF-v1.0\RPF-v1.0\pbrt-v2-rpf\tmp\libpbrt\whitted.obj
C:\Users\Steve\Desktop\RPF-v1.0\RPF-v1.0\pbrt-v2-rpf\tmp\libpbrt\windy.obj
C:\Users\Steve\Desktop\RPF-v1.0\RPF-v1.0\pbrt-v2-rpf\tmp\libpbrt\wrinkled.obj
C:\Users\Steve\Desktop\RPF-v1.0\RPF-v1.0\pbrt-v2-rpf\tmp\libpbrt\zutil.obj
C:\Users\Steve\Desktop\RPF-v1.0\RPF-v1.0\pbrt-v2-rpf\tmp\libpbrt\cl.command.1.tlog
C:\Users\Steve\Desktop\RPF-v1.0\RPF-v1.0\pbrt-v2-rpf\tmp\libpbrt\CL.read.1.tlog
C:\Users\Steve\Desktop\RPF-v1.0\RPF-v1.0\pbrt-v2-rpf\tmp\libpbrt\CL.write.1.tlog
C:\Users\Steve\Desktop\RPF-v1.0\RPF-v1.0\pbrt-v2-rpf\tmp\libpbrt\Lib-link.read.1.tlog
C:\Users\Steve\Desktop\RPF-v1.0\RPF-v1.0\pbrt-v2-rpf\tmp\libpbrt\Lib-link.write.1.tlog
C:\Users\Steve\Desktop\RPF-v1.0\RPF-v1.0\pbrt-v2-rpf\tmp\libpbrt\lib.command.1.tlog
C:\Users\Steve\Desktop\RPF-v1.0\RPF-v1.0\pbrt-v2-rpf\tmp\libpbrt\libpbrt.pch
C:\Users\Steve\Desktop\RPF-v1.0\RPF-v1.0\pbrt-v2-rpf\tmp\libpbrt\vc110.pdb
C:\Users\Steve\Desktop\RPF-v1.0\RPF-v1.0\pbrt-v2-rpf\src\pbrt.vs2012\../../lib/libpbrt.lib
